_asyncio.cpython-313-darwin.so    76869c8680754ead563b878d482985ccfd9c260ab5d198418cd799827886780c
_bisect.cpython-313-darwin.so    e97d7cd35fa97c21f54253daa45062e26747a4667be82456ef66400952828928
_blake2.cpython-313-darwin.so    7bb0f47b7826907f13db430ac9fc6386aa1d68e7dcb83937582f9d29ee257d7d
_bz2.cpython-313-darwin.so    c2400af5643f10f2aec5cb6bbbc6e5af7f4636a2cc2e0a2dfd1c48f7c8a62cc1
_codecs_cn.cpython-313-darwin.so    98eb63d55a714a3e5ad032db258cc4fa8ef5852f3c794cd2e0035c16e90f6785
_codecs_hk.cpython-313-darwin.so    9bae5e7e428ff3c181f7d92cf2e3ab06b2e69c23f64fa70ec8f9af895f93eb8d
_codecs_iso2022.cpython-313-darwin.so    977566bceb622117bc6032026c4a1173f36cd951ba4f0c17875c0f342369b1c5
_codecs_jp.cpython-313-darwin.so    5897160f921249f04179b379b736a597f37b0d7b26d0286242e95d63da3904cc
_codecs_kr.cpython-313-darwin.so    e8a56c103a75145e9f5634723d393ffe7b429d1835e1ff230ff6af1ee811a469
_codecs_tw.cpython-313-darwin.so    2dbc6aff8640f17784aab65ad78064c96f14d52e887b196b64a90c01adb96598
_contextvars.cpython-313-darwin.so    607d89c49429646fffed6619631db343593bf6b3d6b6648a14e9d290a5aa2a8e
_csv.cpython-313-darwin.so    7892054d968a38637b06125936a8a6c2d21418043810f8751ada53024c3e333e
_ctypes.cpython-313-darwin.so    30a3e4a67df984eabca69a84a49a63425d0993bfde417a837007b46a56583c13
_curses.cpython-313-darwin.so    0601fb6380ca1628e27c1c0abcbb3074a3a97ffe450d4f57758e537197dd0802
_datetime.cpython-313-darwin.so    3e6f48c477002a0c349e41cbcc9f12feeb07afe97a2c64e05ba8eebcdcf92801
_dbm.cpython-313-darwin.so    cae9bca051029dd9037266ebe3bc0d041941f8334e10412201c74bdd122d7cc3
_decimal.cpython-313-darwin.so    ba54b5fcde8218ee066eefa54e28a68eb1a86899e5a6107ea77a41abfa09aef1
_elementtree.cpython-313-darwin.so    7de16eab0aa251c4238f09d73ac459dcceeca6517a6beaaf98762a725c1ddf10
_hashlib.cpython-313-darwin.so    f3e6c8a7196b196cd432e119e0298fe308ab4f87253a183febb1f48be2c3aeb9
_heapq.cpython-313-darwin.so    af0059b67704a3ef5a4ddad0f9cd247d2e950ebf411dc01cf7864699fba20da8
_json.cpython-313-darwin.so    27c0eaae632694c76500ab064638e2a69512660b7d5e3a61956e74ed711b5b42
_lzma.cpython-313-darwin.so    3acc55918ee65c85514472c7a9148cab964cb48e15776629e2a111354480a9a2
_md5.cpython-313-darwin.so    d0480ec7e5d81d46edb4b6f664805f4aed801865bb7889e5583770c4b241cbe1
_multibytecodec.cpython-313-darwin.so    e6c1d758f91137a7a0a78bd7bb09b5f60307103279e6f14713e420cb0bb7369e
_multiprocessing.cpython-313-darwin.so    7bc40b95db8294de5ef915ccfc1913bb894c1f77c252b49db1ffbe1fc96073f2
_opcode.cpython-313-darwin.so    7c0b6c830e2bbc8eb0e0854c2f4205bf0ce6d7a120e8f5d229495b8a3abf8c85
_pickle.cpython-313-darwin.so    8624540d2bf9dfb12d8e2f8073bd9de25098f7dea0c55e55777f0b2d6813020b
_posixshmem.cpython-313-darwin.so    448a85873ae92f7fe7efa80223079d45cecf822eeca732b674cf7687dca4e528
_posixsubprocess.cpython-313-darwin.so    d76a6bf413ee70e6b37777f1fef95cfaff18f5eba42619c840226e625b9f6905
_queue.cpython-313-darwin.so    56e2ae9f1b1190adcbea9b4f0005d3daf45805f41f9dd9481f37ddafdf3e7d9e
_random.cpython-313-darwin.so    ee3996d38449647a71e44c90d8898bb7449a4174a577f4a52934b4d94812f462
_scproxy.cpython-313-darwin.so    edfa66f93084300027809b5df36382eeaf2ddcfdd5b9a4d172bfca5dddd75b73
_sha1.cpython-313-darwin.so    4611727ebb41618cbc59754078b15c8e4dd4aed4c0f259fa95cd17ddf1c9e895
_sha2.cpython-313-darwin.so    3eae8921670cb6993900bc01e2753d8cef23bab742ef29698ac5fc1ec080145f
_sha3.cpython-313-darwin.so    c3188ca88436668f345321bb528c5d950e14dd2958f6795162baeffcb8d6dcf1
_socket.cpython-313-darwin.so    d3886137d5325f0c25102aa52b2f55c7fe1b5ed32eae6c6a222a7793a4b98ba5
_sqlite3.cpython-313-darwin.so    c541ef23275b45bdaa7bc7fefa9de330c1b2360c090bfa1fb8f83b32c0c37454
_ssl.cpython-313-darwin.so    2ffe5ceb35658ce843afc7d9951503c841ed78bd50aeedb904dbcb451060ef09
_statistics.cpython-313-darwin.so    c19593773eaf33deacd48d2ae609043ae712b5d8e49b5946cd6232bb5c17e356
_struct.cpython-313-darwin.so    81ad4ce46c64fec75efa486bb99160fe96f7c4d0a782e25c08b9a06b682c053e
_uuid.cpython-313-darwin.so    f611e9d1df25c339d8624b5c5299dcdf9ee13e74754d4373bf31ec60cc32e555
array.cpython-313-darwin.so    56d007331b68bc5d88c4ecbe296823a106b4d4415b743d79f8f33813f701b6c4
binascii.cpython-313-darwin.so    ca1f2c9991f64827f1f5d2ad689a03e7c769496fbdfb1ce07e5dc5601bfe3fda
fcntl.cpython-313-darwin.so    b2af4e28bd71e5d61e36ef9e0046ca8adda8235761f31a4e81adcd9745b6fa89
grp.cpython-313-darwin.so    e29272aa5818a949ca14bb2aaa94188849c065917ba24e4307ae650776258770
math.cpython-313-darwin.so    2696f972b9902930518cdc517b947edeb73f56bb99c7f88ebddbf945cb7c18aa
mmap.cpython-313-darwin.so    777d9323d96bf67ec84a7aa709e4e9e669a5f74a4282e9726e9191ef1c4587f5
pyexpat.cpython-313-darwin.so    2eba70ff60d5e69f027e5fdf412bcf49f2b1e77f78a7a8d765512772bd9df210
readline.cpython-313-darwin.so    1ac109906b0630745d1d61b11e55bdb808a33d3ab89c862bc74ae71836942efe
resource.cpython-313-darwin.so    163692db9b39c625c36e78dabed26491076ba1f5b807237b03414beb50e2d060
select.cpython-313-darwin.so    30a0d0af22ce696f919239659448fbd7ba8daa000388ab0eef6eb81d8e85a035
syslog.cpython-313-darwin.so    f39759d34c54fe654bc7b000c3f92d040e1124fb428452128e84a1aec631289c
termios.cpython-313-darwin.so    e0cb9ff58ce7ad341a782c8a0dca965dc9e95ad4ba36d4cc697ac63bacbeaf2b
unicodedata.cpython-313-darwin.so    db1464f9cf3909f5e7ba2b08e23b462291e46988cb1640c13e57dee7fc8a3e70
zlib.cpython-313-darwin.so    bb4814aa6a2a3da8191793eaec3f74bca4bcb7510f2882b516a482b696b55537

libpython3.13.dylib    0a69d0aac37219323735a30b7e7dc81242604ea85e5fe015d6a410e2aed76408
libssl.3.dylib    d251ac9d0f1efea3293885539ed66bf22ebcd360939077e9d37bc00523b62440
libcrypto.3.dylib    031c5a65a37412d44c295a9debd93234c5e8a34b6ea385584430b50e3e71cc58
libncursesw.5.dylib    b20581c7fc924152ffb16c2465257eb4927706e4e8031a97ec35ebd7d98a1b6c

libintl.8.dylib (arm64)    a14c22e4826fafc540e79298e599270b009cc8e2f5c54af732761c7f80becdee
libintl.8.dylib (x86_64)    a75cd8e6b42ebf97a6bfdee85bb688ca738562da2fe695952cded14c412797a4
libintl.8.dylib (universal2)    5ac68e8eb2998f34c78ef34ecf4e330d79fbad0506b486fea4d66c64647b4e6c

liblzma.5.dylib (arm64)    deea295745d251cb14b2978a6b6c4b65e4fbc79ca09f96fd2333a7e6f42219c5
liblzma.5.dylib (x86_64)    58c51d56d523511036baa6a658c0697500a151818b25faa747d867eadbecbfc7
liblzma.5.dylib (universal2)    de596415f91eaabccaa58d128c1952d93b69a84c1fb5aba366bc0b8a3e70c242

libmpdec.4.dylib (arm64)    255ab7ee446a74f425168af085bb2d3799807cfae518f82af3bad69d16dcf716
libmpdec.4.dylib (x86_64)    b9d61b3906b3260519eabe6875b08f359b4150ef8d2e48cebcd24d18e270022e
libmpdec.4.dylib (universal2)    6bf5be7e7d2eafb7d25be88647110667b3d49019ef4daad1d087cd6b59974ba9

libb2.1.dylib (arm64)    7a2ad4cb206c8920f8d0f93a11def7bcf4db88a191563d097dedb99dba79eb17
libb2.1.dylib (x86_64)    3eba73ff3bcbea33b031e337aa77f258529d2f215c2d76a1885cffe7c614bad9
libb2.1.dylib (universal2)    f2d717f060daf1db76e9dcfeb77d858d90436db9cabc9bac0062d59a7b51628a

libreadline.8.dylib (arm64)    60373d2945b643acaeab9f81390f3c44d1f31c3b3aae40fd251fc9219e0873aa
libreadline.8.dylib (x86_64)    ec35fb813fda6f0d021ea52ed74016992d22caa982aaa79b81fa5816658e9ef8
libreadline.8.dylib (universal2)    19a387a5e143db51eb8a36cca821052d08fab7d99548be1f5e02e81f0640e1a2

libsqlite3.0.dylib (arm64)    ee0edab4b56e3ae45f1519989983e20521ddebf827dbc1b55e57027738c8784f
libsqlite3.0.dylib (x86_64)    acba3d55f562d328e850411099be1159474aa04c769482e494fa12762c43fd36
libsqlite3.0.dylib (universal2)    0a8e03d493ca1b91f5fb7b0a5918c0a0f0c89362ac15e59210d64b225bec0c4b

numpy-2.2.1-cp313-cp313-macosx_11_0_arm64.whl    3ecc47cd7f6ea0336042be87d9e7da378e5c7e9b3c8ad0f7c966f714fc10d821
numpy-2.2.1-cp313-cp313-macosx_10_13_x86_64.whl    f1d09e520217618e76396377c81fba6f290d5f926f50c35f3a5f72b01a0da780
numpy-2.2.1-cp313-cp313-macosx_10_13_universal2.whl    a31f87c70b372451a821f2e1d7558c6ed2cf47ee5b2c19dc715ab6d428472039

